n
17
nfac
-1
names
P10000 P10001 P10002 P10003 P10004 P10005 P10006 P10007 P10008 P10009 P10010 P10011 P10012 P10013 P10014 P10015 P20000 
m
27
A
1.00000000000000000e+00 0.00000000000000000e+00 0.00000000000000000e+00 0.00000000000000000e+00 0.00000000000000000e+00 0.00000000000000000e+00 0.00000000000000000e+00 1.00000000000000000e+00 0.00000000000000000e+00 0.00000000000000000e+00 0.00000000000000000e+00 0.00000000000000000e+00 0.00000000000000000e+00 0.00000000000000000e+00 0.00000000000000000e+00 0.00000000000000000e+00 0.00000000000000000e+00 0.00000000000000000e+00 0.00000000000000000e+00 1.00000000000000000e+00 0.00000000000000000e+00 0.00000000000000000e+00 0.00000000000000000e+00 0.00000000000000000e+00 0.00000000000000000e+00 1.00000000000000000e+00 0.00000000000000000e+00 1.00000000000000000e+00 0.00000000000000000e+00 0.00000000000000000e+00 0.00000000000000000e+00 0.00000000000000000e+00 0.00000000000000000e+00 0.00000000000000000e+00 0.00000000000000000e+00 0.00000000000000000e+00 1.00000000000000000e+00 0.00000000000000000e+00 0.00000000000000000e+00 0.00000000000000000e+00 0.00000000000000000e+00 0.00000000000000000e+00 0.00000000000000000e+00 0.00000000000000000e+00 0.00000000000000000e+00 0.00000000000000000e+00 1.00000000000000000e+00 0.00000000000000000e+00 0.00000000000000000e+00 0.00000000000000000e+00 0.00000000000000000e+00 0.00000000000000000e+00 1.00000000000000000e+00 0.00000000000000000e+00 1.00000000000000000e+00 0.00000000000000000e+00 0.00000000000000000e+00 1.00000000000000000e+00 0.00000000000000000e+00 0.00000000000000000e+00 0.00000000000000000e+00 0.00000000000000000e+00 0.00000000000000000e+00 0.00000000000000000e+00 0.00000000000000000e+00 0.00000000000000000e+00 0.00000000000000000e+00 0.00000000000000000e+00 0.00000000000000000e+00 0.00000000000000000e+00 0.00000000000000000e+00 0.00000000000000000e+00 0.00000000000000000e+00 1.00000000000000000e+00 0.00000000000000000e+00 0.00000000000000000e+00 0.00000000000000000e+00 0.00000000000000000e+00 0.00000000000000000e+00 0.00000000000000000e+00 1.00000000000000000e+00 1.00000000000000000e+00 0.00000000000000000e+00 0.00000000000000000e+00 0.00000000000000000e+00 0.00000000000000000e+00 0.00000000000000000e+00 0.00000000000000000e+00 0.00000000000000000e+00 0.00000000000000000e+00 0.00000000000000000e+00 1.00000000000000000e+00 0.00000000000000000e+00 0.00000000000000000e+00 0.00000000000000000e+00 0.00000000000000000e+00 0.00000000000000000e+00 0.00000000000000000e+00 0.00000000000000000e+00 0.00000000000000000e+00 1.00000000000000000e+00 0.00000000000000000e+00 0.00000000000000000e+00 1.00000000000000000e+00 0.00000000000000000e+00 0.00000000000000000e+00 0.00000000000000000e+00 1.00000000000000000e+00 1.00000000000000000e+00 0.00000000000000000e+00 0.00000000000000000e+00 0.00000000000000000e+00 0.00000000000000000e+00 0.00000000000000000e+00 0.00000000000000000e+00 0.00000000000000000e+00 0.00000000000000000e+00 0.00000000000000000e+00 0.00000000000000000e+00 1.00000000000000000e+00 0.00000000000000000e+00 0.00000000000000000e+00 0.00000000000000000e+00 0.00000000000000000e+00 0.00000000000000000e+00 0.00000000000000000e+00 0.00000000000000000e+00 1.00000000000000000e+00 0.00000000000000000e+00 0.00000000000000000e+00 1.00000000000000000e+00 0.00000000000000000e+00 0.00000000000000000e+00 0.00000000000000000e+00 1.00000000000000000e+00 1.00000000000000000e+00 0.00000000000000000e+00 1.00000000000000000e+00 0.00000000000000000e+00 0.00000000000000000e+00 0.00000000000000000e+00 0.00000000000000000e+00 0.00000000000000000e+00 0.00000000000000000e+00 0.00000000000000000e+00 0.00000000000000000e+00 0.00000000000000000e+00 0.00000000000000000e+00 0.00000000000000000e+00 0.00000000000000000e+00 0.00000000000000000e+00 0.00000000000000000e+00 0.00000000000000000e+00 1.00000000000000000e+00 0.00000000000000000e+00 0.00000000000000000e+00 0.00000000000000000e+00 0.00000000000000000e+00 0.00000000000000000e+00 0.00000000000000000e+00 0.00000000000000000e+00 1.00000000000000000e+00 1.00000000000000000e+00 0.00000000000000000e+00 0.00000000000000000e+00 0.00000000000000000e+00 0.00000000000000000e+00 0.00000000000000000e+00 0.00000000000000000e+00 0.00000000000000000e+00 0.00000000000000000e+00 0.00000000000000000e+00 0.00000000000000000e+00 0.00000000000000000e+00 0.00000000000000000e+00 1.00000000000000000e+00 0.00000000000000000e+00 0.00000000000000000e+00 0.00000000000000000e+00 0.00000000000000000e+00 1.00000000000000000e+00 0.00000000000000000e+00 0.00000000000000000e+00 0.00000000000000000e+00 0.00000000000000000e+00 0.00000000000000000e+00 0.00000000000000000e+00 0.00000000000000000e+00 1.00000000000000000e+00 1.00000000000000000e+00 0.00000000000000000e+00 0.00000000000000000e+00 0.00000000000000000e+00 0.00000000000000000e+00 0.00000000000000000e+00 0.00000000000000000e+00 0.00000000000000000e+00 0.00000000000000000e+00 0.00000000000000000e+00 0.00000000000000000e+00 0.00000000000000000e+00 0.00000000000000000e+00 0.00000000000000000e+00 0.00000000000000000e+00 1.00000000000000000e+00 0.00000000000000000e+00 0.00000000000000000e+00 1.00000000000000000e+00 0.00000000000000000e+00 0.00000000000000000e+00 0.00000000000000000e+00 0.00000000000000000e+00 1.00000000000000000e+00 0.00000000000000000e+00 0.00000000000000000e+00 1.00000000000000000e+00 1.00000000000000000e+00 0.00000000000000000e+00 0.00000000000000000e+00 0.00000000000000000e+00 0.00000000000000000e+00 0.00000000000000000e+00 0.00000000000000000e+00 0.00000000000000000e+00 1.00000000000000000e+00 0.00000000000000000e+00 0.00000000000000000e+00 0.00000000000000000e+00 0.00000000000000000e+00 0.00000000000000000e+00 0.00000000000000000e+00 0.00000000000000000e+00 0.00000000000000000e+00 0.00000000000000000e+00 1.00000000000000000e+00 0.00000000000000000e+00 0.00000000000000000e+00 0.00000000000000000e+00 0.00000000000000000e+00 0.00000000000000000e+00 0.00000000000000000e+00 0.00000000000000000e+00 1.00000000000000000e+00 1.00000000000000000e+00 0.00000000000000000e+00 0.00000000000000000e+00 0.00000000000000000e+00 0.00000000000000000e+00 0.00000000000000000e+00 0.00000000000000000e+00 0.00000000000000000e+00 0.00000000000000000e+00 0.00000000000000000e+00 0.00000000000000000e+00 0.00000000000000000e+00 0.00000000000000000e+00 0.00000000000000000e+00 0.00000000000000000e+00 0.00000000000000000e+00 1.00000000000000000e+00 0.00000000000000000e+00 1.00000000000000000e+00 0.00000000000000000e+00 0.00000000000000000e+00 0.00000000000000000e+00 0.00000000000000000e+00 0.00000000000000000e+00 0.00000000000000000e+00 0.00000000000000000e+00 1.00000000000000000e+00 1.00000000000000000e+00 0.00000000000000000e+00 0.00000000000000000e+00 0.00000000000000000e+00 0.00000000000000000e+00 1.00000000000000000e+00 0.00000000000000000e+00 0.00000000000000000e+00 0.00000000000000000e+00 0.00000000000000000e+00 0.00000000000000000e+00 0.00000000000000000e+00 0.00000000000000000e+00 0.00000000000000000e+00 0.00000000000000000e+00 0.00000000000000000e+00 0.00000000000000000e+00 0.00000000000000000e+00 1.00000000000000000e+00 0.00000000000000000e+00 0.00000000000000000e+00 0.00000000000000000e+00 0.00000000000000000e+00 1.00000000000000000e+00 0.00000000000000000e+00 0.00000000000000000e+00 1.00000000000000000e+00 1.00000000000000000e+00 0.00000000000000000e+00 0.00000000000000000e+00 0.00000000000000000e+00 1.00000000000000000e+00 0.00000000000000000e+00 0.00000000000000000e+00 0.00000000000000000e+00 0.00000000000000000e+00 0.00000000000000000e+00 0.00000000000000000e+00 0.00000000000000000e+00 0.00000000000000000e+00 0.00000000000000000e+00 0.00000000000000000e+00 0.00000000000000000e+00 0.00000000000000000e+00 1.00000000000000000e+00 0.00000000000000000e+00 0.00000000000000000e+00 0.00000000000000000e+00 0.00000000000000000e+00 0.00000000000000000e+00 0.00000000000000000e+00 1.00000000000000000e+00 0.00000000000000000e+00 1.00000000000000000e+00 1.00000000000000000e+00 0.00000000000000000e+00 0.00000000000000000e+00 0.00000000000000000e+00 0.00000000000000000e+00 0.00000000000000000e+00 1.00000000000000000e+00 0.00000000000000000e+00 0.00000000000000000e+00 0.00000000000000000e+00 0.00000000000000000e+00 0.00000000000000000e+00 0.00000000000000000e+00 0.00000000000000000e+00 0.00000000000000000e+00 0.00000000000000000e+00 0.00000000000000000e+00 1.00000000000000000e+00 0.00000000000000000e+00 0.00000000000000000e+00 0.00000000000000000e+00 0.00000000000000000e+00 0.00000000000000000e+00 0.00000000000000000e+00 1.00000000000000000e+00 0.00000000000000000e+00 1.00000000000000000e+00 1.00000000000000000e+00 1.00000000000000000e+00 0.00000000000000000e+00 0.00000000000000000e+00 0.00000000000000000e+00 0.00000000000000000e+00 0.00000000000000000e+00 0.00000000000000000e+00 0.00000000000000000e+00 0.00000000000000000e+00 0.00000000000000000e+00 0.00000000000000000e+00 0.00000000000000000e+00 0.00000000000000000e+00 0.00000000000000000e+00 0.00000000000000000e+00 0.00000000000000000e+00 1.00000000000000000e+00 0.00000000000000000e+00 0.00000000000000000e+00 0.00000000000000000e+00 0.00000000000000000e+00 0.00000000000000000e+00 0.00000000000000000e+00 0.00000000000000000e+00 0.00000000000000000e+00 1.00000000000000000e+00 1.00000000000000000e+00 0.00000000000000000e+00 0.00000000000000000e+00 0.00000000000000000e+00 0.00000000000000000e+00 0.00000000000000000e+00 0.00000000000000000e+00 0.00000000000000000e+00 0.00000000000000000e+00 0.00000000000000000e+00 0.00000000000000000e+00 0.00000000000000000e+00 0.00000000000000000e+00 0.00000000000000000e+00 1.00000000000000000e+00 0.00000000000000000e+00 0.00000000000000000e+00 0.00000000000000000e+00 0.00000000000000000e+00 0.00000000000000000e+00 1.00000000000000000e+00 0.00000000000000000e+00 0.00000000000000000e+00 0.00000000000000000e+00 0.00000000000000000e+00 1.00000000000000000e+00 0.00000000000000000e+00 1.00000000000000000e+00 0.00000000000000000e+00 0.00000000000000000e+00 0.00000000000000000e+00 0.00000000000000000e+00 0.00000000000000000e+00 0.00000000000000000e+00 0.00000000000000000e+00 0.00000000000000000e+00 0.00000000000000000e+00 0.00000000000000000e+00 0.00000000000000000e+00 1.00000000000000000e+00 0.00000000000000000e+00 0.00000000000000000e+00 0.00000000000000000e+00 0.00000000000000000e+00 0.00000000000000000e+00 0.00000000000000000e+00 0.00000000000000000e+00 0.00000000000000000e+00 1.00000000000000000e+00 0.00000000000000000e+00 0.00000000000000000e+00 0.00000000000000000e+00 0.00000000000000000e+00 1.00000000000000000e+00 1.00000000000000000e+00 0.00000000000000000e+00 0.00000000000000000e+00 0.00000000000000000e+00 0.00000000000000000e+00 0.00000000000000000e+00 0.00000000000000000e+00 0.00000000000000000e+00 0.00000000000000000e+00 0.00000000000000000e+00 0.00000000000000000e+00 0.00000000000000000e+00 0.00000000000000000e+00 0.00000000000000000e+00 1.00000000000000000e+00 0.00000000000000000e+00 0.00000000000000000e+00 0.00000000000000000e+00 0.00000000000000000e+00 0.00000000000000000e+00 1.00000000000000000e+00 0.00000000000000000e+00 0.00000000000000000e+00 0.00000000000000000e+00 0.00000000000000000e+00 1.00000000000000000e+00 0.00000000000000000e+00 
L
0.00000000000000000e+00 0.00000000000000000e+00 0.00000000000000000e+00 0.00000000000000000e+00 0.00000000000000000e+00 0.00000000000000000e+00 0.00000000000000000e+00 0.00000000000000000e+00 0.00000000000000000e+00 0.00000000000000000e+00 0.00000000000000000e+00 0.00000000000000000e+00 0.00000000000000000e+00 0.00000000000000000e+00 0.00000000000000000e+00 0.00000000000000000e+00 0.00000000000000000e+00 1.00000000000000000e+00 0.00000000000000000e+00 5.00000000000000028e-02 2.00000000000000011e-01 2.00000000000000004e-02 0.00000000000000000e+00 2.00000000000000004e-02 5.00000000000000028e-02 0.00000000000000000e+00 5.00000000000000028e-02 0.00000000000000000e+00 0.00000000000000000e+00 0.00000000000000000e+00 0.00000000000000000e+00 2.00000000000000011e-01 0.00000000000000000e+00 0.00000000000000000e+00 2.00000000000000004e-02 1.19999999999999996e-01 4.29999999999999993e-01 2.00000000000000011e-01 0.00000000000000000e+00 0.00000000000000000e+00 0.00000000000000000e+00 0.00000000000000000e+00 0.00000000000000000e+00 0.00000000000000000e+00 
soft_m
0
soft_A

soft_L

soft_U

soft_b

soft_l

U
1.00000000000000000e+00 1.00000000000000000e+00 1.00000000000000000e+00 1.00000000000000000e+00 1.00000000000000000e+00 1.00000000000000000e+00 1.00000000000000000e+00 1.00000000000000000e+00 1.00000000000000000e+00 1.00000000000000000e+00 1.00000000000000000e+00 1.00000000000000000e+00 1.00000000000000000e+00 1.00000000000000000e+00 1.00000000000000000e+00 1.00000000000000000e+00 0.00000000000000000e+00 1.00000000000000000e+00 5.00000000000000028e-02 1.49999999999999994e-01 4.00000000000000022e-01 5.00000000000000028e-02 5.00000000000000028e-02 5.00000000000000028e-02 1.49999999999999994e-01 7.00000000000000067e-02 1.49999999999999994e-01 1.00000000000000006e-01 5.00000000000000028e-02 0.00000000000000000e+00 1.00000000000000006e-01 2.99999999999999989e-01 5.00000000000000028e-02 7.00000000000000067e-02 1.00000000000000006e-01 2.20000000000000001e-01 5.30000000000000027e-01 2.99999999999999989e-01 0.00000000000000000e+00 1.00000000000000000e+00 1.00000000000000000e+00 1.00000000000000000e+00 1.00000000000000000e+00 1.00000000000000000e+00 
alpha
4.10000000000000087e-02 4.10000000000000087e-02 4.88999999999999990e-02 5.82000000000000017e-02 4.27999999999999908e-02 6.90000000000000058e-02 6.70000000000000040e-02 6.90000000000000058e-02 6.50000000000000022e-02 6.60000000000000031e-02 6.90000000000000058e-02 6.70000000000000040e-02 7.49999999999999972e-02 4.00000000000000008e-03 2.27000000000000014e-02 6.60000000000000031e-02 2.27000000000000014e-02 
shortalphacost

bench
0.00000000000000000e+00 0.00000000000000000e+00 0.00000000000000000e+00 0.00000000000000000e+00 0.00000000000000000e+00 0.00000000000000000e+00 0.00000000000000000e+00 0.00000000000000000e+00 0.00000000000000000e+00 0.00000000000000000e+00 0.00000000000000000e+00 0.00000000000000000e+00 0.00000000000000000e+00 0.00000000000000000e+00 0.00000000000000000e+00 0.00000000000000000e+00 0.00000000000000000e+00 
Q
3.97995345000000000e+01 4.14216042199999990e+01 6.57562644599999970e+01 2.91140128599999990e+01 3.51030093999999977e+01 2.83242849200000002e+01 1.09102064799999994e+01 1.90263722299999998e+01 1.68448962699999996e+01 2.78214039900000003e+01 6.11603863000000025e-01 -2.70650641199999997e+00 1.83717913300000002e+00 2.15138828999999987e+00 2.75485406700000013e+01 -2.02722372399999990e+01 -1.00049773399999999e+01 -2.28690550299999984e+00 3.52568060700000032e+01 1.78512501499999985e+01 2.94598147299999994e+02 -9.04701803000000027e+00 -7.63031243000000026e-01 5.82545954400000010e+00 1.79509077599999998e+01 1.87139101200000013e+01 4.42064842899999988e+01 3.13586862800000006e+02 1.30994648799999993e+01 3.30261814300000012e+01 2.67268329499999986e+01 5.37249104300000013e+01 7.41089259299999981e+00 7.92113062399999990e+01 1.27025295000000000e+02 2.68046192799999972e+02 -1.29403330899999993e+01 3.09146784100000005e+00 6.41433782200000024e+00 4.48325848300000018e+01 1.32100538499999995e+01 1.49944678699999997e+02 6.48923150699999951e+01 1.23194898699999996e+02 2.42571234699999991e+02 -1.65488470800000016e+01 -3.74205357000000016e-01 2.94799073999999983e+00 4.20443350600000016e+01 1.42238109500000007e+01 1.39496285000000000e+02 6.32401962799999993e+01 1.30371221700000007e+02 2.09808497100000011e+02 2.39984732000000008e+02 1.61846017099999995e+00 1.95986604500000006e+01 1.70173784099999992e+01 4.96617994100000004e+01 2.05633017900000006e+01 1.01262998100000004e+02 1.12807439599999995e+02 1.97755563499999994e+02 1.35953203300000013e+02 1.34446799900000002e+02 2.53195639099999994e+02 6.98208744699999961e+00 2.17088018600000012e+01 2.03640966299999988e+01 4.26552955499999982e+01 2.06281256299999995e+01 1.92247440100000006e+02 5.64262166399999998e+01 1.07134985200000003e+02 1.23562383499999996e+02 1.24198309399999999e+02 9.65844824999999929e+01 2.60526802499999974e+02 1.74612333300000011e+00 1.54697535300000002e+01 1.58208532399999999e+01 4.33302460299999979e+01 1.82228929499999985e+01 1.65123262600000004e+02 6.32614124600000025e+01 1.24647044800000003e+02 1.45839811400000002e+02 1.52997954899999996e+02 1.14625798300000000e+02 1.76484629000000012e+02 1.98561125599999997e+02 -8.18629888200000089e+00 2.35883293699999985e+00 -3.79212011700000007e+00 1.23157648200000001e+01 1.36199379300000007e+01 6.25269807299999982e+01 2.61530301899999991e+01 4.33018523599999980e+01 4.81475070700000032e+01 6.59706814000000037e+01 5.54631997700000028e+01 4.06349019000000027e+01 5.92629131799999982e+01 1.92574858699999993e+02 5.70747379999999999e-02 9.04352669999999997e-02 5.67381189999999966e-02 5.99628720000000004e-02 3.68557499999999996e-02 3.13077640000000018e-02 -6.18865649999999975e-02 1.81939940000000015e-02 4.24598429999999971e-02 1.60885740000000013e-02 2.36928900000000012e-02 7.34873360000000003e-02 3.19049200000000033e-02 -1.67339719999999997e-02 2.66102479999999995e-02 -1.65488470800000016e+01 -3.74205357000000016e-01 2.94799073999999983e+00 4.20443350600000016e+01 1.42238109500000007e+01 1.39496285000000000e+02 6.32401962799999993e+01 1.30371221700000007e+02 2.09808497100000011e+02 2.39984732000000008e+02 1.34446799900000002e+02 1.24198309399999999e+02 1.52997954899999996e+02 6.59706814000000037e+01 1.60885740000000013e-02 2.39984732000000008e+02 5.70747379999999999e-02 9.04352669999999997e-02 5.67381189999999966e-02 5.99628720000000004e-02 3.68557499999999996e-02 3.13077640000000018e-02 -6.18865649999999975e-02 1.81939940000000015e-02 4.24598429999999971e-02 1.60885740000000013e-02 2.36928900000000012e-02 7.34873360000000003e-02 3.19049200000000033e-02 -1.67339719999999997e-02 2.66102479999999995e-02 1.60885740000000013e-02 2.66102480000017759e-02 
gamma
5.00000000e-01
initial
5.99999999999999978e-02 5.00000000000000028e-02 2.89999999999999980e-01 5.00000000000000028e-02 0.00000000000000000e+00 1.00000000000000006e-01 4.00000000000000008e-02 0.00000000000000000e+00 2.00000000000000004e-02 2.00000000000000004e-02 0.00000000000000000e+00 2.00000000000000004e-02 2.00000000000000004e-02 2.99999999999999989e-02 2.99999999999999989e-01 0.00000000000000000e+00 0.00000000000000000e+00 
delta
2.00000000e-01
buy

sell

qbuy

qsell

kappa
5.00000000e-01
basket
-1
longbasket
-1
downrisk
0
downfactor
3.00000000e+00
shortbasket
-1
tradebuy
-1
tradesell
-1
tradenum
-1
revise
1
costs
0
min_holding
-1.00000000e+00
min_trade
-1.00000000e+00
ls
0
full
0
minRisk
4.00000000e+00
maxRisk
4.00000000e+00
rmin
-1.00000000e+00
rmax
-1.00000000e+00
round
0
min_lot

size_lot

ncomp
0
Composites

value
1.00000000e+00
valuel
0.00000000e+00
npiece
0
hpiece

pgrad

nabs
0
A_abs

mabs
0
I_A

Abs_U

Abs_L

ShortCostScale
1.00000000e+00
mask

issues

five
-1.00000000e+00
ten
-1.00000000e+00
forty
-1.00000000e+00
log
2
------------------------------------------------------------------------------------------------
e[1;1;31mgamma 1.00000000e+00
e[0;me[1;1;31mCHOICE 3
e[0;me[1;1;31mUtility at first guess -1.15451101e+14
e[0;me[1;1;31mOptimised interim Utility -1.13562768e+14
e[0;me[1;1;31mSet up guess with turnover 1.90000000e-01
e[0;me[1;1;31mNeed 12 extra variables for bs
e[0;me[1;1;31m28 variables for this optimisation
e[0;me[1;1;31mUtility at first guess -5.55744194e+07
e[0;me[1;1;31mOptimised interim Utility -1.53144905e+13
e[0;me[1;1;31mTry:  0, back:  0, objective: -1.53144905e+13, Gross turnover: 4.00000000e-01, correction: -3.68807874e-19
e[0;me[1;1;31mturnover 2.00000000e-01
e[0;me[1;1;31mgamma 1.00000000e+00 risk 5.14334067e+00
e[0;me[1;1;31mgamma 0.00000000e+00
e[0;me[1;1;31mCHOICE 3
e[0;me[1;1;31mUtility at first guess 1.32269766e+01
e[0;me[1;1;31mOptimised interim Utility 5.69987391e+00
e[0;me[1;1;31mNatural delta satisfies turnover constraint
e[0;me[1;1;31mgamma 0.00000000e+00 risk 3.37635126e+00
e[0;me[1;1;31mgamma 3.52944242e-01
e[0;me[1;1;31mCHOICE 3
e[0;me[1;1;31mUtility at first guess 5.67727524e+00
e[0;me[1;1;31mOptimised interim Utility 5.67727300e+00
e[0;me[1;1;31mNatural delta satisfies turnover constraint
e[0;me[1;1;31mgamma 3.52944242e-01 risk 3.37635192e+00
e[0;me[1;1;31mgamma 6.76472121e-01
e[0;me[1;1;31mCHOICE 3
e[0;me[1;1;31mUtility at first guess 5.61323131e+00
e[0;me[1;1;31mOptimised interim Utility 5.61321336e+00
e[0;me[1;1;31mNatural delta satisfies turnover constraint
e[0;me[1;1;31mgamma 6.76472121e-01 risk 3.37636099e+00
e[0;me[1;1;31mgamma 8.38236061e-01
e[0;me[1;1;31mCHOICE 3
e[0;me[1;1;31mUtility at first guess 5.48505817e+00
e[0;me[1;1;31mOptimised interim Utility 5.48498636e+00
e[0;me[1;1;31mNatural delta satisfies turnover constraint
e[0;me[1;1;31mgamma 8.38236061e-01 risk 3.37641103e+00
e[0;me[1;1;31mgamma 9.19118030e-01
e[0;me[1;1;31mCHOICE 3
e[0;me[1;1;31mUtility at first guess 5.22838874e+00
e[0;me[1;1;31mOptimised interim Utility 5.22810151e+00
e[0;me[1;1;31mNatural delta satisfies turnover constraint
e[0;me[1;1;31mgamma 9.19118030e-01 risk 3.37663872e+00
e[0;me[1;1;31mgamma 9.59559015e-01
e[0;me[1;1;31mCHOICE 3
e[0;me[1;1;31mUtility at first guess 4.71375734e+00
e[0;me[1;1;31mOptimised interim Utility 4.71260840e+00
e[0;me[1;1;31mNatural delta satisfies turnover constraint
e[0;me[1;1;31mgamma 9.59559015e-01 risk 3.37760431e+00
e[0;me[1;1;31mgamma 9.79779508e-01
e[0;me[1;1;31mCHOICE 3
e[0;me[1;1;31mUtility at first guess 3.67932433e+00
e[0;me[1;1;31mOptimised interim Utility 3.67427012e+00
e[0;me[1;1;31mNatural delta satisfies turnover constraint
e[0;me[1;1;31mgamma 9.79779508e-01 risk 3.38261978e+00
e[0;me[1;1;31mgamma 9.89889754e-01
e[0;me[1;1;31mCHOICE 3
e[0;me[1;1;31mUtility at first guess 1.58524074e+00
e[0;me[1;1;31mOptimised interim Utility 1.56197978e+00
e[0;me[1;1;31mNatural delta satisfies turnover constraint
e[0;me[1;1;31mgamma 9.89889754e-01 risk 3.39566232e+00
e[0;me[1;1;31mgamma 9.94944877e-01
e[0;me[1;1;31mCHOICE 3
e[0;me[1;1;31mUtility at first guess -2.68423198e+00
e[0;me[1;1;31mOptimised interim Utility -2.68523204e+00
e[0;me[1;1;31mNatural delta satisfies turnover constraint
e[0;me[1;1;31mgamma 9.94944877e-01 risk 3.40187336e+00
e[0;me[1;1;31mgamma 9.97472438e-01
e[0;me[1;1;31mCHOICE 3
e[0;me[1;1;31mUtility at first guess -1.11998778e+01
e[0;me[1;1;31m6	objsiz ztgnrm gfnorm dinky2.5863359756e+01 8.0294632269e-16 2.1849702309e+01 2.1109655397e-13
e[0;me[1;1;31m	nocurv 1
e[0;me[1;1;31mOptimised interim Utility -1.13578380e+01
e[0;me[1;1;31mNatural delta satisfies turnover constraint
e[0;me[1;1;31mgamma 9.97472438e-01 risk 3.48713267e+00
e[0;me[1;1;31mgamma 9.98736219e-01
e[0;me[1;1;31mCHOICE 3
e[0;me[1;1;31mUtility at first guess -2.88399102e+01
e[0;me[1;1;31m8	objsiz ztgnrm gfnorm dinky7.0806783282e+01 2.5363432527e-13 6.9997856827e+01 5.7792444948e-13
e[0;me[1;1;31m	nocurv 1
e[0;me[1;1;31mOptimised interim Utility -2.90445942e+01
e[0;me[1;1;31mNatural delta satisfies turnover constraint
e[0;me[1;1;31mgamma 9.98736219e-01 risk 3.97478412e+00
e[0;me[1;1;31mgamma 9.98789776e-01
e[0;me[1;1;31mCHOICE 3
e[0;me[1;1;31mUtility at first guess -3.06815861e+01
e[0;me[1;1;31m6	objsiz ztgnrm gfnorm dinky7.5775543441e+01 1.0288831893e-14 7.6242405783e+01 6.2228996075e-13
e[0;me[1;1;31m	nocurv 1
e[0;me[1;1;31mOptimised interim Utility -3.06913674e+01
e[0;me[1;1;31mNatural delta satisfies turnover constraint
e[0;me[1;1;31mgamma 9.98789776e-01 risk 4.08191947e+00
e[0;me[1;1;31mgamma 9.98748825e-01
e[0;me[1;1;31mCHOICE 3
e[0;me[1;1;31mUtility at first guess -2.94125913e+01
e[0;me[1;1;31m4	objsiz ztgnrm gfnorm dinky7.1934759090e+01 6.9672899731e-15 7.0858305242e+01 5.8713097981e-13
e[0;me[1;1;31m	nocurv 1
e[0;me[1;1;31mOptimised interim Utility -2.94177971e+01
e[0;me[1;1;31mNatural delta satisfies turnover constraint
e[0;me[1;1;31mgamma 9.98748825e-01 risk 4.00094178e+00
e[0;me[1;1;31mgamma 9.98748371e-01
e[0;me[1;1;31mCHOICE 3
e[0;me[1;1;31mUtility at first guess -2.94042108e+01
e[0;me[1;1;31m3	objsiz ztgnrm gfnorm dinky7.1893654887e+01 8.4376977512e-15 7.0827015682e+01 5.8679548760e-13
e[0;me[1;1;31m	nocurv 1
e[0;me[1;1;31mOptimised interim Utility -2.94042115e+01
e[0;me[1;1;31mNatural delta satisfies turnover constraint
e[0;me[1;1;31mgamma 9.98748371e-01 risk 3.99998927e+00
e[0;me[1;1;31mgamma 9.98748401e-01
e[0;me[1;1;31mCHOICE 3
e[0;me[1;1;31mUtility at first guess -2.94051022e+01
e[0;me[1;1;31m3	objsiz ztgnrm gfnorm dinky7.1896349522e+01 1.3322676302e-14 7.0829067056e+01 5.8681748119e-13
e[0;me[1;1;31m	nocurv 1
e[0;me[1;1;31mOptimised interim Utility -2.94051022e+01
e[0;me[1;1;31mNatural delta satisfies turnover constraint
e[0;me[1;1;31mgamma 9.98748401e-01 risk 4.00005171e+00
e[0;me[1;1;31mgamma 5.00000000e-01
e[0;me[1;1;31mCHOICE 3
e[0;me[1;1;31mUtility at first guess 7.95333172e+00
e[0;me[1;1;31mOptimised interim Utility 5.65843605e+00
e[0;me[1;1;31mNatural delta satisfies turnover constraint
e[0;me[1;1;31mgamma 5.00000000e-01 risk 3.37635349e+00
e[0;me[1;1;31mgamma 0.00000000e+00
e[0;me[1;1;31mCHOICE 3
e[0;me[1;1;31mUtility at first guess 5.69988143e+00
e[0;me[1;1;31mOptimised interim Utility 5.69987391e+00
e[0;me[1;1;31mNatural delta satisfies turnover constraint
e[0;me[1;1;31mgamma 0.00000000e+00 risk 3.37635126e+00
e[0;me[1;1;31mgamma 9.99999985e-01
e[0;me[1;1;31mCHOICE 3
e[0;me[1;1;31mUtility at first guess -2.78033773e+06
e[0;me[1;1;31mOptimised interim Utility -3.38442003e+06
e[0;me[1;1;31mSet up guess with turnover 1.90000000e-01
e[0;me[1;1;31mNeed 12 extra variables for bs
e[0;me[1;1;31m28 variables for this optimisation
e[0;me[1;1;31mUtility at first guess -1.65623563e+00
e[0;me[1;1;31mOptimised interim Utility -4.56401839e+05
e[0;me[1;1;31mTry:  0, back:  0, objective: -4.56401839e+05, Gross turnover: 4.00000000e-01, correction: -3.48613960e-19
e[0;me[1;1;31mturnover 2.00000000e-01
e[0;me[1;1;31mgamma 9.99999985e-01 risk 5.14317394e+00
e[0;me[1;1;31mgamma 0.00000000e+00
e[0;me[1;1;31mCHOICE 3
e[0;me[1;1;31mUtility at first guess 1.32261191e+01
e[0;me[1;1;31mOptimised interim Utility 5.69987391e+00
e[0;me[1;1;31mNatural delta satisfies turnover constraint
e[0;me[1;1;31mgamma 0.00000000e+00 risk 3.37635126e+00
e[0;mAugmented 64-bit optimiser version 1; Jun 16 2020 14:39:26 patch level 1836
The time now is; Mon Jan 20 11:29:46 2025
Expires: Tue Jan 21 11:29:46 2025 (after 1 days)
Host id b28f531a
Curve component keys: 111111111
Linear Constraint Check
                              Lower bound             Exposure          Upper bound
     Constraint    1       1.00000000e+00       1.00000000e+00       1.00000000e+00
     Constraint    2       0.00000000e+00       3.13095190e-02       5.00000000e-02
     Constraint    3       5.00000000e-02       5.00000000e-02       1.50000000e-01
     Constraint    4       2.00000000e-01       2.00000000e-01       4.00000000e-01
     Constraint    5       2.00000000e-02       2.00000000e-02       5.00000000e-02
     Constraint    6       0.00000000e+00       0.00000000e+00       5.00000000e-02
     Constraint    7       2.00000000e-02       2.00000000e-02       5.00000000e-02
     Constraint    8       5.00000000e-02       1.50000000e-01       1.50000000e-01
     Constraint    9       0.00000000e+00       0.00000000e+00       7.00000000e-02
     Constraint   10       5.00000000e-02       5.00000000e-02       1.50000000e-01
     Constraint   11       0.00000000e+00       5.86904810e-02       1.00000000e-01
     Constraint   12       0.00000000e+00       5.00000000e-02       5.00000000e-02
     Constraint   13       0.00000000e+00       0.00000000e+00       0.00000000e+00
     Constraint   14       0.00000000e+00       4.93221758e-02       1.00000000e-01
     Constraint   15       2.00000000e-01       3.00000000e-01       3.00000000e-01
     Constraint   16       0.00000000e+00       0.00000000e+00       5.00000000e-02
     Constraint   17       0.00000000e+00       2.06778242e-02       7.00000000e-02
     Constraint   18       2.00000000e-02       7.13095190e-02       1.00000000e-01
     Constraint   19       1.20000000e-01       1.20000000e-01       2.20000000e-01
     Constraint   20       4.30000000e-01       5.08690481e-01       5.30000000e-01
     Constraint   21       2.00000000e-01       3.00000000e-01       3.00000000e-01
     Constraint   22       0.00000000e+00       0.00000000e+00       0.00000000e+00
     Constraint   23       0.00000000e+00       1.08690481e-01       1.00000000e+00
     Constraint   24       0.00000000e+00       0.00000000e+00       1.00000000e+00
     Constraint   25       0.00000000e+00       4.00000000e-02       1.00000000e+00
     Constraint   26       0.00000000e+00       5.00000000e-01       1.00000000e+00
     Constraint   27       0.00000000e+00       5.00000000e-01       1.00000000e+00
                Name              Initial              Optimal            Benchmark            |Trade|/2                alpha                lower                upper
              P10000       6.00000000e-02       1.50000000e-01       0.00000000e+00       4.50000000e-02       4.10000000e-02       0.00000000e+00       1.00000000e+00
              P10001       5.00000000e-02       5.00000000e-02       0.00000000e+00       3.46944695e-18       4.10000000e-02       0.00000000e+00       1.00000000e+00
              P10002       2.90000000e-01       2.00000000e-01       0.00000000e+00       4.50000000e-02       4.89000000e-02       0.00000000e+00       1.00000000e+00
              P10003       5.00000000e-02       5.86904810e-02       0.00000000e+00       4.34524049e-03       5.82000000e-02       0.00000000e+00       1.00000000e+00
              P10004       0.00000000e+00       5.00000000e-02       0.00000000e+00       2.50000000e-02       4.28000000e-02       0.00000000e+00       1.00000000e+00
              P10005       1.00000000e-01       5.00000000e-02       0.00000000e+00       2.50000000e-02       6.90000000e-02       0.00000000e+00       1.00000000e+00
              P10006       4.00000000e-02       4.93221758e-02       0.00000000e+00       4.66108788e-03       6.70000000e-02       0.00000000e+00       1.00000000e+00
              P10007       0.00000000e+00       0.00000000e+00       0.00000000e+00       0.00000000e+00       6.90000000e-02       0.00000000e+00       1.00000000e+00
              P10008       2.00000000e-02       0.00000000e+00       0.00000000e+00       1.00000000e-02       6.50000000e-02       0.00000000e+00       1.00000000e+00
              P10009       2.00000000e-02       2.06778242e-02       0.00000000e+00       3.38912119e-04       6.60000000e-02       0.00000000e+00       1.00000000e+00
              P10010       0.00000000e+00       0.00000000e+00       0.00000000e+00       0.00000000e+00       6.90000000e-02       0.00000000e+00       1.00000000e+00
              P10011       2.00000000e-02       2.00000000e-02       0.00000000e+00       0.00000000e+00       6.70000000e-02       0.00000000e+00       1.00000000e+00
              P10012       2.00000000e-02       2.00000000e-02       0.00000000e+00       0.00000000e+00       7.50000000e-02       0.00000000e+00       1.00000000e+00
              P10013       3.00000000e-02       3.13095190e-02       0.00000000e+00       6.54759506e-04       4.00000000e-03       0.00000000e+00       1.00000000e+00
              P10014       3.00000000e-01       3.00000000e-01       0.00000000e+00       0.00000000e+00       2.27000000e-02       0.00000000e+00       1.00000000e+00
              P10015       0.00000000e+00       0.00000000e+00       0.00000000e+00       0.00000000e+00       6.60000000e-02       0.00000000e+00       1.00000000e+00
              P20000       0.00000000e+00       0.00000000e+00       0.00000000e+00       0.00000000e+00       2.27000000e-02       0.00000000e+00       0.00000000e+00
               Total       1.00000000e+00       1.00000000e+00       0.00000000e+00       1.60000000e-01

                Long       1.00000000e+00                Short       0.00000000e+00
               Gross       1.00000000e+00
         -Short/Long      -0.00000000e+00
Natural Turnover is       1.60000000e-01
Time taken 0.002000 secs 
